This file contains any messages produced by compilers while
running configure, to aid debugging if configure makes a mistake.

It was created by gxechohelper configure 0.1, which was
generated by GNU Autoconf 2.69.  Invocation command line was

  $ ./configure --enable-maintainer-mode

## --------- ##
## Platform. ##
## --------- ##

hostname = paradisim
uname -m = x86_64
uname -r = 3.8.0-29-lowlatency
uname -s = Linux
uname -v = #21-Ubuntu SMP PREEMPT Thu Aug 15 12:50:08 UTC 2013

/usr/bin/uname -p = unknown
/bin/uname -X     = unknown

/bin/arch              = unknown
/usr/bin/arch -k       = unknown
/usr/convex/getsysinfo = unknown
/usr/bin/hostinfo      = unknown
/bin/machine           = unknown
/usr/bin/oslevel       = unknown
/bin/universe          = unknown

PATH: /usr/lib/x86_64-linux-gnu/qt4/bin
PATH: /home/gabriel/bin
PATH: /usr/local/sbin
PATH: /usr/local/bin
PATH: /usr/sbin
PATH: /usr/bin
PATH: /sbin
PATH: /bin
PATH: /usr/games
PATH: /usr/local/games


## ----------- ##
## Core tests. ##
## ----------- ##

configure:1784: checking for a BSD-compatible install
configure:1852: result: /usr/bin/install -c
configure:1863: checking whether build environment is sane
configure:1913: result: yes
configure:2054: checking for a thread-safe mkdir -p
configure:2093: result: /bin/mkdir -p
configure:2106: checking for gawk
configure:2122: found /usr/bin/gawk
configure:2133: result: gawk
configure:2144: checking whether make sets $(MAKE)
configure:2166: result: yes
configure:2247: checking whether to enable maintainer-specific portions of Makefiles
configure:2256: result: yes
configure:2272: checking for pkg-config
configure:2290: found /usr/bin/pkg-config
configure:2303: result: /usr/bin/pkg-config
configure:2364: checking for dmcs
configure:2382: found /usr/bin/dmcs
configure:2395: result: /usr/bin/dmcs
configure:2566: checking pkg-config is at least version 0.9.0
configure:2569: result: yes
configure:2579: checking for GTK_SHARP_20
configure:2586: $PKG_CONFIG --exists --print-errors "gtk-sharp-2.0"
configure:2589: $? = 0
configure:2603: $PKG_CONFIG --exists --print-errors "gtk-sharp-2.0"
configure:2606: $? = 0
configure:2664: result: yes
configure:2841: creating ./config.status

## ---------------------- ##
## Running config.status. ##
## ---------------------- ##

This file was extended by gxechohelper config.status 0.1, which was
generated by GNU Autoconf 2.69.  Invocation command line was

  CONFIG_FILES    = 
  CONFIG_HEADERS  = 
  CONFIG_LINKS    = 
  CONFIG_COMMANDS = 
  $ ./config.status 

on paradisim

config.status:758: creating gxechohelper
config.status:758: creating Makefile

## ---------------- ##
## Cache variables. ##
## ---------------- ##

ac_cv_env_GTK_SHARP_20_CFLAGS_set=
ac_cv_env_GTK_SHARP_20_CFLAGS_value=
ac_cv_env_GTK_SHARP_20_LIBS_set=
ac_cv_env_GTK_SHARP_20_LIBS_value=
ac_cv_env_PKG_CONFIG_LIBDIR_set=
ac_cv_env_PKG_CONFIG_LIBDIR_value=
ac_cv_env_PKG_CONFIG_PATH_set=
ac_cv_env_PKG_CONFIG_PATH_value=
ac_cv_env_PKG_CONFIG_set=
ac_cv_env_PKG_CONFIG_value=
ac_cv_env_build_alias_set=
ac_cv_env_build_alias_value=
ac_cv_env_host_alias_set=
ac_cv_env_host_alias_value=
ac_cv_env_target_alias_set=
ac_cv_env_target_alias_value=
ac_cv_path_DMCS=/usr/bin/dmcs
ac_cv_path_PKG_CONFIG=/usr/bin/pkg-config
ac_cv_path_install='/usr/bin/install -c'
ac_cv_path_mkdir=/bin/mkdir
ac_cv_prog_AWK=gawk
ac_cv_prog_make_make_set=yes
pkg_cv_GTK_SHARP_20_CFLAGS='-I:/usr/lib/pkgconfig/../../share/gapi-2.0/pango-api.xml -I:/usr/lib/pkgconfig/../../share/gapi-2.0/atk-api.xml -I:/usr/lib/pkgconfig/../../share/gapi-2.0/gdk-api.xml -I:/usr/lib/pkgconfig/../../share/gapi-2.0/gtk-api.xml -I:/usr/lib/pkgconfig/../../share/gapi-2.0/glib-api.xml  '
pkg_cv_GTK_SHARP_20_LIBS='-r:/usr/lib/pkgconfig/../../lib/cli/pango-sharp-2.0/pango-sharp.dll -r:/usr/lib/pkgconfig/../../lib/cli/atk-sharp-2.0/atk-sharp.dll -r:/usr/lib/pkgconfig/../../lib/cli/gdk-sharp-2.0/gdk-sharp.dll -r:/usr/lib/pkgconfig/../../lib/cli/gtk-sharp-2.0/gtk-sharp.dll -r:/usr/lib/pkgconfig/../../lib/cli/glib-sharp-2.0/glib-sharp.dll  '

## ----------------- ##
## Output variables. ##
## ----------------- ##

ACLOCAL='${SHELL} /home/gabriel/projects/gxechohelper/missing --run aclocal-1.11'
AMTAR='$${TAR-tar}'
AUTOCONF='${SHELL} /home/gabriel/projects/gxechohelper/missing --run autoconf'
AUTOHEADER='${SHELL} /home/gabriel/projects/gxechohelper/missing --run autoheader'
AUTOMAKE='${SHELL} /home/gabriel/projects/gxechohelper/missing --run automake-1.11'
AWK='gawk'
CYGPATH_W='echo'
DEFS='-DPACKAGE_NAME=\"gxechohelper\" -DPACKAGE_TARNAME=\"gxechohelper\" -DPACKAGE_VERSION=\"0.1\" -DPACKAGE_STRING=\"gxechohelper\ 0.1\" -DPACKAGE_BUGREPORT=\"\" -DPACKAGE_URL=\"\" -DPACKAGE=\"gxechohelper\" -DVERSION=\"0.1\"'
DMCS='/usr/bin/dmcs'
ECHO_C=''
ECHO_N='-n'
ECHO_T=''
ENABLE_DEBUG_X86_FALSE='#'
ENABLE_DEBUG_X86_TRUE=''
ENABLE_RELEASE_X86_FALSE=''
ENABLE_RELEASE_X86_TRUE='#'
GTK_SHARP_20_CFLAGS='-I:/usr/lib/pkgconfig/../../share/gapi-2.0/pango-api.xml -I:/usr/lib/pkgconfig/../../share/gapi-2.0/atk-api.xml -I:/usr/lib/pkgconfig/../../share/gapi-2.0/gdk-api.xml -I:/usr/lib/pkgconfig/../../share/gapi-2.0/gtk-api.xml -I:/usr/lib/pkgconfig/../../share/gapi-2.0/glib-api.xml  '
GTK_SHARP_20_LIBS='-r:/usr/lib/pkgconfig/../../lib/cli/pango-sharp-2.0/pango-sharp.dll -r:/usr/lib/pkgconfig/../../lib/cli/atk-sharp-2.0/atk-sharp.dll -r:/usr/lib/pkgconfig/../../lib/cli/gdk-sharp-2.0/gdk-sharp.dll -r:/usr/lib/pkgconfig/../../lib/cli/gtk-sharp-2.0/gtk-sharp.dll -r:/usr/lib/pkgconfig/../../lib/cli/glib-sharp-2.0/glib-sharp.dll  '
INSTALL_DATA='${INSTALL} -m 644'
INSTALL_PROGRAM='${INSTALL}'
INSTALL_SCRIPT='${INSTALL}'
INSTALL_STRIP_PROGRAM='$(install_sh) -c -s'
LIBOBJS=''
LIBS=''
LTLIBOBJS=''
MAINT=''
MAINTAINER_MODE_FALSE='#'
MAINTAINER_MODE_TRUE=''
MAKEINFO='${SHELL} /home/gabriel/projects/gxechohelper/missing --run makeinfo'
MKDIR_P='/bin/mkdir -p'
PACKAGE='gxechohelper'
PACKAGE_BUGREPORT=''
PACKAGE_NAME='gxechohelper'
PACKAGE_STRING='gxechohelper 0.1'
PACKAGE_TARNAME='gxechohelper'
PACKAGE_URL=''
PACKAGE_VERSION='0.1'
PATH_SEPARATOR=':'
PKG_CONFIG='/usr/bin/pkg-config'
PKG_CONFIG_LIBDIR=''
PKG_CONFIG_PATH=''
SET_MAKE=''
SHELL='/bin/bash'
STRIP=''
VERSION='0.1'
am__isrc=''
am__leading_dot='.'
am__tar='$${TAR-tar} chof - "$$tardir"'
am__untar='$${TAR-tar} xf -'
bindir='${exec_prefix}/bin'
build_alias=''
datadir='${datarootdir}'
datarootdir='${prefix}/share'
docdir='${datarootdir}/doc/${PACKAGE_TARNAME}'
dvidir='${docdir}'
exec_prefix='/usr/local'
expanded_bindir='/usr/local/bin'
expanded_datadir='/usr/local/share'
expanded_libdir='/usr/local/lib'
host_alias=''
htmldir='${docdir}'
includedir='${prefix}/include'
infodir='${datarootdir}/info'
install_sh='${SHELL} /home/gabriel/projects/gxechohelper/install-sh'
libdir='${exec_prefix}/lib'
libexecdir='${exec_prefix}/libexec'
localedir='${datarootdir}/locale'
localstatedir='${prefix}/var'
mandir='${datarootdir}/man'
mkdir_p='/bin/mkdir -p'
oldincludedir='/usr/include'
pdfdir='${docdir}'
prefix='/usr/local'
program_transform_name='s,x,x,'
psdir='${docdir}'
sbindir='${exec_prefix}/sbin'
sharedstatedir='${prefix}/com'
sysconfdir='${prefix}/etc'
target_alias=''

## ----------- ##
## confdefs.h. ##
## ----------- ##

/* confdefs.h */
#define PACKAGE_NAME "gxechohelper"
#define PACKAGE_TARNAME "gxechohelper"
#define PACKAGE_VERSION "0.1"
#define PACKAGE_STRING "gxechohelper 0.1"
#define PACKAGE_BUGREPORT ""
#define PACKAGE_URL ""
#define PACKAGE "gxechohelper"
#define VERSION "0.1"

configure: exit 0
